[debug] [2022-12-05T21:27:31.349Z] ----------------------------------------------------------------------
[debug] [2022-12-05T21:27:31.352Z] Command:       C:\Program Files\nodejs\node.exe C:\Users\hooma\AppData\Roaming\npm\node_modules\firebase-tools\lib\bin\firebase.js deploy
[debug] [2022-12-05T21:27:31.354Z] CLI Version:   11.16.1
[debug] [2022-12-05T21:27:31.354Z] Platform:      win32
[debug] [2022-12-05T21:27:31.354Z] Node Version:  v16.13.1
[debug] [2022-12-05T21:27:31.355Z] Time:          Tue Dec 06 2022 00:57:31 GMT+0330 (Iran Standard Time)
[debug] [2022-12-05T21:27:31.355Z] ----------------------------------------------------------------------
[debug] 
[debug] [2022-12-05T21:27:31.361Z] >>> [apiv2][query] GET https://firebase-public.firebaseio.com/cli.json [none]
[debug] [2022-12-05T21:27:31.517Z] > command requires scopes: ["email","openid","https://www.googleapis.com/auth/cloudplatformprojects.readonly","https://www.googleapis.com/auth/firebase","https://www.googleapis.com/auth/cloud-platform"]
[debug] [2022-12-05T21:27:31.518Z] > authorizing via signed-in user (hoomanhajrian@gmail.com)
[debug] [2022-12-05T21:27:31.518Z] [iam] checking project portfolio-332108 for permissions ["firebase.projects.get","firebasehosting.sites.update"]
[debug] [2022-12-05T21:27:31.519Z] >>> [apiv2][query] POST https://cloudresourcemanager.googleapis.com/v1/projects/portfolio-332108:testIamPermissions [none]
[debug] [2022-12-05T21:27:31.520Z] >>> [apiv2][(partial)header] POST https://cloudresourcemanager.googleapis.com/v1/projects/portfolio-332108:testIamPermissions x-goog-quota-user=projects/portfolio-332108
[debug] [2022-12-05T21:27:31.521Z] >>> [apiv2][body] POST https://cloudresourcemanager.googleapis.com/v1/projects/portfolio-332108:testIamPermissions {"permissions":["firebase.projects.get","firebasehosting.sites.update"]}
[debug] [2022-12-05T21:27:32.245Z] <<< [apiv2][status] POST https://cloudresourcemanager.googleapis.com/v1/projects/portfolio-332108:testIamPermissions 403
[debug] [2022-12-05T21:27:32.245Z] <<< [apiv2][body] POST https://cloudresourcemanager.googleapis.com/v1/projects/portfolio-332108:testIamPermissions "<!DOCTYPE html>\n<html lang=en>\n  <meta charset=utf-8>\n  <meta name=viewport content=\"initial-scale=1, minimum-scale=1, width=device-width\">\n  <title>Error 403 (Forbidden)!!1</title>\n  <style>\n    *{margin:0;padding:0}html,code{font:15px/22px arial,sans-serif}html{background:#fff;color:#222;padding:15px}body{margin:7% auto 0;max-width:390px;min-height:180px;padding:30px 0 15px}* > body{background:url(//www.google.com/images/errors/robot.png) 100% 5px no-repeat;padding-right:205px}p{margin:11px 0 22px;overflow:hidden}ins{color:#777;text-decoration:none}a img{border:0}@media screen and (max-width:772px){body{background:none;margin-top:0;max-width:none;padding-right:0}}#logo{background:url(//www.google.com/images/branding/googlelogo/1x/googlelogo_color_150x54dp.png) no-repeat;margin-left:-5px}@media only screen and (min-resolution:192dpi){#logo{background:url(//www.google.com/images/branding/googlelogo/2x/googlelogo_color_150x54dp.png) no-repeat 0% 0%/100% 100%;-moz-border-image:url(//www.google.com/images/branding/googlelogo/2x/googlelogo_color_150x54dp.png) 0}}@media only screen and (-webkit-min-device-pixel-ratio:2){#logo{background:url(//www.google.com/images/branding/googlelogo/2x/googlelogo_color_150x54dp.png) no-repeat;-webkit-background-size:100% 100%}}#logo{display:inline-block;height:54px;width:150px}\n  </style>\n  <a href=//www.google.com/><span id=logo aria-label=Google></span></a>\n  <p><b>403.</b> <ins>That’s an error.</ins>\n  <p>Your client does not have permission to get URL <code>/v1/projects/portfolio-332108:testIamPermissions</code> from this server.  <ins>That’s all we know.</ins>\n"
[debug] [2022-12-05T21:27:32.246Z] [iam] error while checking permissions, command may fail: FirebaseError: Unable to parse JSON: SyntaxError: Unexpected token < in JSON at position 0
[debug] [2022-12-05T21:27:32.248Z] >>> [apiv2][query] GET https://firebase.googleapis.com/v1beta1/projects/portfolio-332108 [none]
[debug] [2022-12-05T21:27:33.324Z] <<< [apiv2][status] GET https://firebase.googleapis.com/v1beta1/projects/portfolio-332108 403
[debug] [2022-12-05T21:27:33.324Z] <<< [apiv2][body] GET https://firebase.googleapis.com/v1beta1/projects/portfolio-332108 "<!DOCTYPE html>\n<html lang=en>\n  <meta charset=utf-8>\n  <meta name=viewport content=\"initial-scale=1, minimum-scale=1, width=device-width\">\n  <title>Error 403 (Forbidden)!!1</title>\n  <style>\n    *{margin:0;padding:0}html,code{font:15px/22px arial,sans-serif}html{background:#fff;color:#222;padding:15px}body{margin:7% auto 0;max-width:390px;min-height:180px;padding:30px 0 15px}* > body{background:url(//www.google.com/images/errors/robot.png) 100% 5px no-repeat;padding-right:205px}p{margin:11px 0 22px;overflow:hidden}ins{color:#777;text-decoration:none}a img{border:0}@media screen and (max-width:772px){body{background:none;margin-top:0;max-width:none;padding-right:0}}#logo{background:url(//www.google.com/images/branding/googlelogo/1x/googlelogo_color_150x54dp.png) no-repeat;margin-left:-5px}@media only screen and (min-resolution:192dpi){#logo{background:url(//www.google.com/images/branding/googlelogo/2x/googlelogo_color_150x54dp.png) no-repeat 0% 0%/100% 100%;-moz-border-image:url(//www.google.com/images/branding/googlelogo/2x/googlelogo_color_150x54dp.png) 0}}@media only screen and (-webkit-min-device-pixel-ratio:2){#logo{background:url(//www.google.com/images/branding/googlelogo/2x/googlelogo_color_150x54dp.png) no-repeat;-webkit-background-size:100% 100%}}#logo{display:inline-block;height:54px;width:150px}\n  </style>\n  <a href=//www.google.com/><span id=logo aria-label=Google></span></a>\n  <p><b>403.</b> <ins>That’s an error.</ins>\n  <p>Your client does not have permission to get URL <code>/v1beta1/projects/portfolio-332108</code> from this server.  <ins>That’s all we know.</ins>\n"
[debug] [2022-12-05T21:27:33.325Z] Unable to parse JSON: SyntaxError: Unexpected token < in JSON at position 0
[debug] [2022-12-05T21:27:34.072Z] FirebaseError: Unable to parse JSON: SyntaxError: Unexpected token < in JSON at position 0
    at RetryOperation._fn (C:\Users\hooma\AppData\Roaming\npm\node_modules\firebase-tools\lib\apiv2.js:260:39)
    at processTicksAndRejections (node:internal/process/task_queues:96:5)
[error] 
[error] Error: Failed to get Firebase project portfolio-332108. Please make sure the project exists and your account has permission to access it.
[debug] [2022-12-05T21:29:51.361Z] ----------------------------------------------------------------------
[debug] [2022-12-05T21:29:51.365Z] Command:       C:\Program Files\nodejs\node.exe C:\Users\hooma\AppData\Roaming\npm\node_modules\firebase-tools\lib\bin\firebase.js deploy
[debug] [2022-12-05T21:29:51.366Z] CLI Version:   11.16.1
[debug] [2022-12-05T21:29:51.366Z] Platform:      win32
[debug] [2022-12-05T21:29:51.366Z] Node Version:  v16.13.1
[debug] [2022-12-05T21:29:51.367Z] Time:          Tue Dec 06 2022 00:59:51 GMT+0330 (Iran Standard Time)
[debug] [2022-12-05T21:29:51.368Z] ----------------------------------------------------------------------
[debug] 
[debug] [2022-12-05T21:29:51.375Z] >>> [apiv2][query] GET https://firebase-public.firebaseio.com/cli.json [none]
[debug] [2022-12-05T21:29:51.540Z] > command requires scopes: ["email","openid","https://www.googleapis.com/auth/cloudplatformprojects.readonly","https://www.googleapis.com/auth/firebase","https://www.googleapis.com/auth/cloud-platform"]
[debug] [2022-12-05T21:29:51.540Z] > authorizing via signed-in user (hoomanhajrian@gmail.com)
[debug] [2022-12-05T21:29:51.541Z] [iam] checking project portfolio-332108 for permissions ["firebase.projects.get","firebasehosting.sites.update"]
[debug] [2022-12-05T21:29:51.542Z] >>> [apiv2][query] POST https://cloudresourcemanager.googleapis.com/v1/projects/portfolio-332108:testIamPermissions [none]
[debug] [2022-12-05T21:29:51.543Z] >>> [apiv2][(partial)header] POST https://cloudresourcemanager.googleapis.com/v1/projects/portfolio-332108:testIamPermissions x-goog-quota-user=projects/portfolio-332108
[debug] [2022-12-05T21:29:51.543Z] >>> [apiv2][body] POST https://cloudresourcemanager.googleapis.com/v1/projects/portfolio-332108:testIamPermissions {"permissions":["firebase.projects.get","firebasehosting.sites.update"]}
[debug] [2022-12-05T21:29:51.978Z] <<< [apiv2][status] POST https://cloudresourcemanager.googleapis.com/v1/projects/portfolio-332108:testIamPermissions 403
[debug] [2022-12-05T21:29:51.978Z] <<< [apiv2][body] POST https://cloudresourcemanager.googleapis.com/v1/projects/portfolio-332108:testIamPermissions "<!DOCTYPE html>\n<html lang=en>\n  <meta charset=utf-8>\n  <meta name=viewport content=\"initial-scale=1, minimum-scale=1, width=device-width\">\n  <title>Error 403 (Forbidden)!!1</title>\n  <style>\n    *{margin:0;padding:0}html,code{font:15px/22px arial,sans-serif}html{background:#fff;color:#222;padding:15px}body{margin:7% auto 0;max-width:390px;min-height:180px;padding:30px 0 15px}* > body{background:url(//www.google.com/images/errors/robot.png) 100% 5px no-repeat;padding-right:205px}p{margin:11px 0 22px;overflow:hidden}ins{color:#777;text-decoration:none}a img{border:0}@media screen and (max-width:772px){body{background:none;margin-top:0;max-width:none;padding-right:0}}#logo{background:url(//www.google.com/images/branding/googlelogo/1x/googlelogo_color_150x54dp.png) no-repeat;margin-left:-5px}@media only screen and (min-resolution:192dpi){#logo{background:url(//www.google.com/images/branding/googlelogo/2x/googlelogo_color_150x54dp.png) no-repeat 0% 0%/100% 100%;-moz-border-image:url(//www.google.com/images/branding/googlelogo/2x/googlelogo_color_150x54dp.png) 0}}@media only screen and (-webkit-min-device-pixel-ratio:2){#logo{background:url(//www.google.com/images/branding/googlelogo/2x/googlelogo_color_150x54dp.png) no-repeat;-webkit-background-size:100% 100%}}#logo{display:inline-block;height:54px;width:150px}\n  </style>\n  <a href=//www.google.com/><span id=logo aria-label=Google></span></a>\n  <p><b>403.</b> <ins>That’s an error.</ins>\n  <p>Your client does not have permission to get URL <code>/v1/projects/portfolio-332108:testIamPermissions</code> from this server.  <ins>That’s all we know.</ins>\n"
[debug] [2022-12-05T21:29:51.979Z] [iam] error while checking permissions, command may fail: FirebaseError: Unable to parse JSON: SyntaxError: Unexpected token < in JSON at position 0
[debug] [2022-12-05T21:29:51.981Z] >>> [apiv2][query] GET https://firebase.googleapis.com/v1beta1/projects/portfolio-332108 [none]
[debug] [2022-12-05T21:29:52.283Z] <<< [apiv2][status] GET https://firebase.googleapis.com/v1beta1/projects/portfolio-332108 403
[debug] [2022-12-05T21:29:52.284Z] <<< [apiv2][body] GET https://firebase.googleapis.com/v1beta1/projects/portfolio-332108 "<!DOCTYPE html>\n<html lang=en>\n  <meta charset=utf-8>\n  <meta name=viewport content=\"initial-scale=1, minimum-scale=1, width=device-width\">\n  <title>Error 403 (Forbidden)!!1</title>\n  <style>\n    *{margin:0;padding:0}html,code{font:15px/22px arial,sans-serif}html{background:#fff;color:#222;padding:15px}body{margin:7% auto 0;max-width:390px;min-height:180px;padding:30px 0 15px}* > body{background:url(//www.google.com/images/errors/robot.png) 100% 5px no-repeat;padding-right:205px}p{margin:11px 0 22px;overflow:hidden}ins{color:#777;text-decoration:none}a img{border:0}@media screen and (max-width:772px){body{background:none;margin-top:0;max-width:none;padding-right:0}}#logo{background:url(//www.google.com/images/branding/googlelogo/1x/googlelogo_color_150x54dp.png) no-repeat;margin-left:-5px}@media only screen and (min-resolution:192dpi){#logo{background:url(//www.google.com/images/branding/googlelogo/2x/googlelogo_color_150x54dp.png) no-repeat 0% 0%/100% 100%;-moz-border-image:url(//www.google.com/images/branding/googlelogo/2x/googlelogo_color_150x54dp.png) 0}}@media only screen and (-webkit-min-device-pixel-ratio:2){#logo{background:url(//www.google.com/images/branding/googlelogo/2x/googlelogo_color_150x54dp.png) no-repeat;-webkit-background-size:100% 100%}}#logo{display:inline-block;height:54px;width:150px}\n  </style>\n  <a href=//www.google.com/><span id=logo aria-label=Google></span></a>\n  <p><b>403.</b> <ins>That’s an error.</ins>\n  <p>Your client does not have permission to get URL <code>/v1beta1/projects/portfolio-332108</code> from this server.  <ins>That’s all we know.</ins>\n"
[debug] [2022-12-05T21:29:52.284Z] Unable to parse JSON: SyntaxError: Unexpected token < in JSON at position 0
[debug] [2022-12-05T21:29:52.651Z] FirebaseError: Unable to parse JSON: SyntaxError: Unexpected token < in JSON at position 0
    at RetryOperation._fn (C:\Users\hooma\AppData\Roaming\npm\node_modules\firebase-tools\lib\apiv2.js:260:39)
    at processTicksAndRejections (node:internal/process/task_queues:96:5)
[error] 
[error] Error: Failed to get Firebase project portfolio-332108. Please make sure the project exists and your account has permission to access it.
[debug] [2023-06-04T18:57:34.016Z] ----------------------------------------------------------------------
[debug] [2023-06-04T18:57:34.022Z] Command:       C:\Program Files\nodejs\node.exe C:\Users\hooma\AppData\Roaming\npm\node_modules\firebase-tools\lib\bin\firebase.js deploy
[debug] [2023-06-04T18:57:34.023Z] CLI Version:   12.2.1
[debug] [2023-06-04T18:57:34.024Z] Platform:      win32
[debug] [2023-06-04T18:57:34.024Z] Node Version:  v16.13.1
[debug] [2023-06-04T18:57:34.037Z] Time:          Sun Jun 04 2023 23:27:34 GMT+0430 (Iran Daylight Time)
[debug] [2023-06-04T18:57:34.037Z] ----------------------------------------------------------------------
[debug] 
[debug] [2023-06-04T18:57:34.046Z] >>> [apiv2][query] GET https://firebase-public.firebaseio.com/cli.json [none]
[debug] [2023-06-04T18:57:34.431Z] > command requires scopes: ["email","openid","https://www.googleapis.com/auth/cloudplatformprojects.readonly","https://www.googleapis.com/auth/firebase","https://www.googleapis.com/auth/cloud-platform"]
[debug] [2023-06-04T18:57:34.431Z] > authorizing via signed-in user (hoomanhajrian@gmail.com)
[debug] [2023-06-04T18:57:34.432Z] [iam] checking project portfolio-332108 for permissions ["firebase.projects.get","firebasehosting.sites.update"]
[debug] [2023-06-04T18:57:34.434Z] > refreshing access token with scopes: []
[debug] [2023-06-04T18:57:34.442Z] >>> [apiv2][query] POST https://www.googleapis.com/oauth2/v3/token [none]
[debug] [2023-06-04T18:57:34.442Z] >>> [apiv2][body] POST https://www.googleapis.com/oauth2/v3/token [omitted]
[debug] [2023-06-04T18:57:35.042Z] <<< [apiv2][status] POST https://www.googleapis.com/oauth2/v3/token 200
[debug] [2023-06-04T18:57:35.043Z] <<< [apiv2][body] POST https://www.googleapis.com/oauth2/v3/token [omitted]
[debug] [2023-06-04T18:57:35.120Z] >>> [apiv2][query] POST https://cloudresourcemanager.googleapis.com/v1/projects/portfolio-332108:testIamPermissions [none]
[debug] [2023-06-04T18:57:35.120Z] >>> [apiv2][(partial)header] POST https://cloudresourcemanager.googleapis.com/v1/projects/portfolio-332108:testIamPermissions x-goog-quota-user=projects/portfolio-332108
[debug] [2023-06-04T18:57:35.121Z] >>> [apiv2][body] POST https://cloudresourcemanager.googleapis.com/v1/projects/portfolio-332108:testIamPermissions {"permissions":["firebase.projects.get","firebasehosting.sites.update"]}
[debug] [2023-06-04T18:57:35.703Z] <<< [apiv2][status] POST https://cloudresourcemanager.googleapis.com/v1/projects/portfolio-332108:testIamPermissions 403
[debug] [2023-06-04T18:57:35.704Z] <<< [apiv2][body] POST https://cloudresourcemanager.googleapis.com/v1/projects/portfolio-332108:testIamPermissions "<!DOCTYPE html>\n<html lang=en>\n  <meta charset=utf-8>\n  <meta name=viewport content=\"initial-scale=1, minimum-scale=1, width=device-width\">\n  <title>Error 403 (Forbidden)!!1</title>\n  <style>\n    *{margin:0;padding:0}html,code{font:15px/22px arial,sans-serif}html{background:#fff;color:#222;padding:15px}body{margin:7% auto 0;max-width:390px;min-height:180px;padding:30px 0 15px}* > body{background:url(//www.google.com/images/errors/robot.png) 100% 5px no-repeat;padding-right:205px}p{margin:11px 0 22px;overflow:hidden}ins{color:#777;text-decoration:none}a img{border:0}@media screen and (max-width:772px){body{background:none;margin-top:0;max-width:none;padding-right:0}}#logo{background:url(//www.google.com/images/branding/googlelogo/1x/googlelogo_color_150x54dp.png) no-repeat;margin-left:-5px}@media only screen and (min-resolution:192dpi){#logo{background:url(//www.google.com/images/branding/googlelogo/2x/googlelogo_color_150x54dp.png) no-repeat 0% 0%/100% 100%;-moz-border-image:url(//www.google.com/images/branding/googlelogo/2x/googlelogo_color_150x54dp.png) 0}}@media only screen and (-webkit-min-device-pixel-ratio:2){#logo{background:url(//www.google.com/images/branding/googlelogo/2x/googlelogo_color_150x54dp.png) no-repeat;-webkit-background-size:100% 100%}}#logo{display:inline-block;height:54px;width:150px}\n  </style>\n  <a href=//www.google.com/><span id=logo aria-label=Google></span></a>\n  <p><b>403.</b> <ins>That’s an error.</ins>\n  <p>Your client does not have permission to get URL <code>/v1/projects/portfolio-332108:testIamPermissions</code> from this server.  <ins>That’s all we know.</ins>\n"
[debug] [2023-06-04T18:57:35.705Z] [iam] error while checking permissions, command may fail: FirebaseError: Unable to parse JSON: SyntaxError: Unexpected token < in JSON at position 0
[debug] [2023-06-04T18:57:35.708Z] >>> [apiv2][query] GET https://firebase.googleapis.com/v1beta1/projects/portfolio-332108 [none]
[debug] [2023-06-04T18:57:36.345Z] <<< [apiv2][status] GET https://firebase.googleapis.com/v1beta1/projects/portfolio-332108 403
[debug] [2023-06-04T18:57:36.346Z] <<< [apiv2][body] GET https://firebase.googleapis.com/v1beta1/projects/portfolio-332108 "<!DOCTYPE html>\n<html lang=en>\n  <meta charset=utf-8>\n  <meta name=viewport content=\"initial-scale=1, minimum-scale=1, width=device-width\">\n  <title>Error 403 (Forbidden)!!1</title>\n  <style>\n    *{margin:0;padding:0}html,code{font:15px/22px arial,sans-serif}html{background:#fff;color:#222;padding:15px}body{margin:7% auto 0;max-width:390px;min-height:180px;padding:30px 0 15px}* > body{background:url(//www.google.com/images/errors/robot.png) 100% 5px no-repeat;padding-right:205px}p{margin:11px 0 22px;overflow:hidden}ins{color:#777;text-decoration:none}a img{border:0}@media screen and (max-width:772px){body{background:none;margin-top:0;max-width:none;padding-right:0}}#logo{background:url(//www.google.com/images/branding/googlelogo/1x/googlelogo_color_150x54dp.png) no-repeat;margin-left:-5px}@media only screen and (min-resolution:192dpi){#logo{background:url(//www.google.com/images/branding/googlelogo/2x/googlelogo_color_150x54dp.png) no-repeat 0% 0%/100% 100%;-moz-border-image:url(//www.google.com/images/branding/googlelogo/2x/googlelogo_color_150x54dp.png) 0}}@media only screen and (-webkit-min-device-pixel-ratio:2){#logo{background:url(//www.google.com/images/branding/googlelogo/2x/googlelogo_color_150x54dp.png) no-repeat;-webkit-background-size:100% 100%}}#logo{display:inline-block;height:54px;width:150px}\n  </style>\n  <a href=//www.google.com/><span id=logo aria-label=Google></span></a>\n  <p><b>403.</b> <ins>That’s an error.</ins>\n  <p>Your client does not have permission to get URL <code>/v1beta1/projects/portfolio-332108</code> from this server.  <ins>That’s all we know.</ins>\n"
[debug] [2023-06-04T18:57:36.346Z] Unable to parse JSON: SyntaxError: Unexpected token < in JSON at position 0
[debug] [2023-06-04T18:57:36.786Z] FirebaseError: Unable to parse JSON: SyntaxError: Unexpected token < in JSON at position 0
    at RetryOperation._fn (C:\Users\hooma\AppData\Roaming\npm\node_modules\firebase-tools\lib\apiv2.js:260:39)
    at processTicksAndRejections (node:internal/process/task_queues:96:5)
[error] 
[error] Error: Failed to get Firebase project portfolio-332108. Please make sure the project exists and your account has permission to access it.
[debug] [2023-06-04T19:00:21.204Z] ----------------------------------------------------------------------
[debug] [2023-06-04T19:00:21.206Z] Command:       C:\Program Files\nodejs\node.exe C:\Users\hooma\AppData\Roaming\npm\node_modules\firebase-tools\lib\bin\firebase.js projects:list
[debug] [2023-06-04T19:00:21.207Z] CLI Version:   12.2.1
[debug] [2023-06-04T19:00:21.208Z] Platform:      win32
[debug] [2023-06-04T19:00:21.208Z] Node Version:  v16.13.1
[debug] [2023-06-04T19:00:21.209Z] Time:          Sun Jun 04 2023 23:30:21 GMT+0430 (Iran Daylight Time)
[debug] [2023-06-04T19:00:21.209Z] ----------------------------------------------------------------------
[debug] 
[debug] [2023-06-04T19:00:21.215Z] >>> [apiv2][query] GET https://firebase-public.firebaseio.com/cli.json [none]
[debug] [2023-06-04T19:00:21.340Z] > command requires scopes: ["email","openid","https://www.googleapis.com/auth/cloudplatformprojects.readonly","https://www.googleapis.com/auth/firebase","https://www.googleapis.com/auth/cloud-platform"]
[debug] [2023-06-04T19:00:21.340Z] > authorizing via signed-in user (hoomanhajrian@gmail.com)
[debug] [2023-06-04T19:00:21.402Z] >>> [apiv2][query] GET https://firebase.googleapis.com/v1beta1/projects pageSize=1000
[debug] [2023-06-04T19:00:21.930Z] <<< [apiv2][status] GET https://firebase.googleapis.com/v1beta1/projects 403
[debug] [2023-06-04T19:00:21.931Z] <<< [apiv2][body] GET https://firebase.googleapis.com/v1beta1/projects [omitted]
[debug] [2023-06-04T19:00:21.932Z] Unable to parse JSON: SyntaxError: Unexpected token < in JSON at position 0
[debug] [2023-06-04T19:00:22.358Z] FirebaseError: Unable to parse JSON: SyntaxError: Unexpected token < in JSON at position 0
    at RetryOperation._fn (C:\Users\hooma\AppData\Roaming\npm\node_modules\firebase-tools\lib\apiv2.js:260:39)
    at processTicksAndRejections (node:internal/process/task_queues:96:5)
[error] 
[error] Error: Failed to list Firebase projects. See firebase-debug.log for more info.
[debug] [2023-06-04T19:16:26.851Z] ----------------------------------------------------------------------
[debug] [2023-06-04T19:16:26.861Z] Command:       C:\Program Files\nodejs\node.exe C:\Users\hooma\AppData\Roaming\npm\node_modules\firebase-tools\lib\bin\firebase.js projects:list
[debug] [2023-06-04T19:16:26.863Z] CLI Version:   12.3.0
[debug] [2023-06-04T19:16:26.865Z] Platform:      win32
[debug] [2023-06-04T19:16:26.866Z] Node Version:  v16.13.1
[debug] [2023-06-04T19:16:26.893Z] Time:          Sun Jun 04 2023 23:46:26 GMT+0430 (Iran Daylight Time)
[debug] [2023-06-04T19:16:26.895Z] ----------------------------------------------------------------------
[debug] 
[debug] [2023-06-04T19:16:26.913Z] >>> [apiv2][query] GET https://firebase-public.firebaseio.com/cli.json [none]
[debug] [2023-06-04T19:16:27.347Z] > command requires scopes: ["email","openid","https://www.googleapis.com/auth/cloudplatformprojects.readonly","https://www.googleapis.com/auth/firebase","https://www.googleapis.com/auth/cloud-platform"]
[debug] [2023-06-04T19:16:27.347Z] > authorizing via signed-in user (hoomanhajrian@gmail.com)
[debug] [2023-06-04T19:16:27.373Z] >>> [apiv2][query] GET https://firebase.googleapis.com/v1beta1/projects pageSize=1000
[debug] [2023-06-04T19:16:28.108Z] <<< [apiv2][status] GET https://firebase.googleapis.com/v1beta1/projects 403
[debug] [2023-06-04T19:16:28.110Z] <<< [apiv2][body] GET https://firebase.googleapis.com/v1beta1/projects [omitted]
[debug] [2023-06-04T19:16:28.112Z] Unable to parse JSON: SyntaxError: Unexpected token < in JSON at position 0
[debug] [2023-06-04T19:16:28.591Z] FirebaseError: Unable to parse JSON: SyntaxError: Unexpected token < in JSON at position 0
    at RetryOperation._fn (C:\Users\hooma\AppData\Roaming\npm\node_modules\firebase-tools\lib\apiv2.js:260:39)
    at processTicksAndRejections (node:internal/process/task_queues:96:5)
[error] 
[error] Error: Failed to list Firebase projects. See firebase-debug.log for more info.
[debug] [2023-06-04T19:29:59.800Z] ----------------------------------------------------------------------
[debug] [2023-06-04T19:29:59.807Z] Command:       C:\Program Files\nodejs\node.exe C:\Users\hooma\AppData\Roaming\npm\node_modules\firebase-tools\lib\bin\firebase.js deploy
[debug] [2023-06-04T19:29:59.809Z] CLI Version:   12.3.0
[debug] [2023-06-04T19:29:59.809Z] Platform:      win32
[debug] [2023-06-04T19:29:59.810Z] Node Version:  v16.13.1
[debug] [2023-06-04T19:29:59.811Z] Time:          Sun Jun 04 2023 23:59:59 GMT+0430 (Iran Daylight Time)
[debug] [2023-06-04T19:29:59.811Z] ----------------------------------------------------------------------
[debug] 
[debug] [2023-06-04T19:29:59.821Z] >>> [apiv2][query] GET https://firebase-public.firebaseio.com/cli.json [none]
[debug] [2023-06-04T19:30:00.128Z] > command requires scopes: ["email","openid","https://www.googleapis.com/auth/cloudplatformprojects.readonly","https://www.googleapis.com/auth/firebase","https://www.googleapis.com/auth/cloud-platform"]
[debug] [2023-06-04T19:30:00.129Z] > authorizing via signed-in user (hoomanhajrian@gmail.com)
[debug] [2023-06-04T19:30:00.130Z] [iam] checking project portfolio-332108 for permissions ["firebase.projects.get","firebasehosting.sites.update"]
[debug] [2023-06-04T19:30:00.133Z] >>> [apiv2][query] POST https://cloudresourcemanager.googleapis.com/v1/projects/portfolio-332108:testIamPermissions [none]
[debug] [2023-06-04T19:30:00.134Z] >>> [apiv2][(partial)header] POST https://cloudresourcemanager.googleapis.com/v1/projects/portfolio-332108:testIamPermissions x-goog-quota-user=projects/portfolio-332108
[debug] [2023-06-04T19:30:00.134Z] >>> [apiv2][body] POST https://cloudresourcemanager.googleapis.com/v1/projects/portfolio-332108:testIamPermissions {"permissions":["firebase.projects.get","firebasehosting.sites.update"]}
[debug] [2023-06-04T19:30:00.784Z] <<< [apiv2][status] POST https://cloudresourcemanager.googleapis.com/v1/projects/portfolio-332108:testIamPermissions 403
[debug] [2023-06-04T19:30:00.784Z] <<< [apiv2][body] POST https://cloudresourcemanager.googleapis.com/v1/projects/portfolio-332108:testIamPermissions "<!DOCTYPE html>\n<html lang=en>\n  <meta charset=utf-8>\n  <meta name=viewport content=\"initial-scale=1, minimum-scale=1, width=device-width\">\n  <title>Error 403 (Forbidden)!!1</title>\n  <style>\n    *{margin:0;padding:0}html,code{font:15px/22px arial,sans-serif}html{background:#fff;color:#222;padding:15px}body{margin:7% auto 0;max-width:390px;min-height:180px;padding:30px 0 15px}* > body{background:url(//www.google.com/images/errors/robot.png) 100% 5px no-repeat;padding-right:205px}p{margin:11px 0 22px;overflow:hidden}ins{color:#777;text-decoration:none}a img{border:0}@media screen and (max-width:772px){body{background:none;margin-top:0;max-width:none;padding-right:0}}#logo{background:url(//www.google.com/images/branding/googlelogo/1x/googlelogo_color_150x54dp.png) no-repeat;margin-left:-5px}@media only screen and (min-resolution:192dpi){#logo{background:url(//www.google.com/images/branding/googlelogo/2x/googlelogo_color_150x54dp.png) no-repeat 0% 0%/100% 100%;-moz-border-image:url(//www.google.com/images/branding/googlelogo/2x/googlelogo_color_150x54dp.png) 0}}@media only screen and (-webkit-min-device-pixel-ratio:2){#logo{background:url(//www.google.com/images/branding/googlelogo/2x/googlelogo_color_150x54dp.png) no-repeat;-webkit-background-size:100% 100%}}#logo{display:inline-block;height:54px;width:150px}\n  </style>\n  <a href=//www.google.com/><span id=logo aria-label=Google></span></a>\n  <p><b>403.</b> <ins>That’s an error.</ins>\n  <p>Your client does not have permission to get URL <code>/v1/projects/portfolio-332108:testIamPermissions</code> from this server.  <ins>That’s all we know.</ins>\n"
[debug] [2023-06-04T19:30:00.785Z] [iam] error while checking permissions, command may fail: FirebaseError: Unable to parse JSON: SyntaxError: Unexpected token < in JSON at position 0
[debug] [2023-06-04T19:30:00.788Z] >>> [apiv2][query] GET https://firebase.googleapis.com/v1beta1/projects/portfolio-332108 [none]
[debug] [2023-06-04T19:30:03.302Z] <<< [apiv2][status] GET https://firebase.googleapis.com/v1beta1/projects/portfolio-332108 403
[debug] [2023-06-04T19:30:03.302Z] <<< [apiv2][body] GET https://firebase.googleapis.com/v1beta1/projects/portfolio-332108 "<!DOCTYPE html>\n<html lang=en>\n  <meta charset=utf-8>\n  <meta name=viewport content=\"initial-scale=1, minimum-scale=1, width=device-width\">\n  <title>Error 403 (Forbidden)!!1</title>\n  <style>\n    *{margin:0;padding:0}html,code{font:15px/22px arial,sans-serif}html{background:#fff;color:#222;padding:15px}body{margin:7% auto 0;max-width:390px;min-height:180px;padding:30px 0 15px}* > body{background:url(//www.google.com/images/errors/robot.png) 100% 5px no-repeat;padding-right:205px}p{margin:11px 0 22px;overflow:hidden}ins{color:#777;text-decoration:none}a img{border:0}@media screen and (max-width:772px){body{background:none;margin-top:0;max-width:none;padding-right:0}}#logo{background:url(//www.google.com/images/branding/googlelogo/1x/googlelogo_color_150x54dp.png) no-repeat;margin-left:-5px}@media only screen and (min-resolution:192dpi){#logo{background:url(//www.google.com/images/branding/googlelogo/2x/googlelogo_color_150x54dp.png) no-repeat 0% 0%/100% 100%;-moz-border-image:url(//www.google.com/images/branding/googlelogo/2x/googlelogo_color_150x54dp.png) 0}}@media only screen and (-webkit-min-device-pixel-ratio:2){#logo{background:url(//www.google.com/images/branding/googlelogo/2x/googlelogo_color_150x54dp.png) no-repeat;-webkit-background-size:100% 100%}}#logo{display:inline-block;height:54px;width:150px}\n  </style>\n  <a href=//www.google.com/><span id=logo aria-label=Google></span></a>\n  <p><b>403.</b> <ins>That’s an error.</ins>\n  <p>Your client does not have permission to get URL <code>/v1beta1/projects/portfolio-332108</code> from this server.  <ins>That’s all we know.</ins>\n"
[debug] [2023-06-04T19:30:03.303Z] Unable to parse JSON: SyntaxError: Unexpected token < in JSON at position 0
[debug] [2023-06-04T19:30:03.744Z] FirebaseError: Unable to parse JSON: SyntaxError: Unexpected token < in JSON at position 0
    at RetryOperation._fn (C:\Users\hooma\AppData\Roaming\npm\node_modules\firebase-tools\lib\apiv2.js:260:39)
    at processTicksAndRejections (node:internal/process/task_queues:96:5)
[error] 
[error] Error: Failed to get Firebase project portfolio-332108. Please make sure the project exists and your account has permission to access it.
